<?xml version="1.0" encoding="UTF-8"?>
<!-- Generated by org.testng.reporters.JUnitReportReporter -->
<testsuite hostname="SEZVM2330P" name="testscript.SmokeTest" tests="2" failures="0" timestamp="29 Jul 2015 13:29:36 GMT" time="46.646" errors="0">
  <testcase name="Verify_Add_Item_To_Shopping_List" time="37.566" classname="testscript.SmokeTest"/>
  <testcase name="Verify_Login_Functionality_With_6Digit" time="9.080" classname="testscript.SmokeTest"/>
</testsuite> <!-- testscript.SmokeTest -->
