<?xml version="1.0" encoding="UTF-8"?>
<!-- Generated by org.testng.reporters.JUnitReportReporter -->
<testsuite hostname="SEZVM2330P" name="testscript.SmokeTest" tests="1" failures="0" timestamp="23 Jul 2015 09:35:04 GMT" time="33.012" errors="0">
  <testcase name="Verify_StoreCache_Functionality_With_Login" time="33.012" classname="testscript.SmokeTest"/>
</testsuite> <!-- testscript.SmokeTest -->
